ARM GAS  /tmp/cczo6E9W.s 			page 1


   1              		.cpu cortex-m4
   2              		.eabi_attribute 27, 1
   3              		.eabi_attribute 28, 1
   4              		.eabi_attribute 20, 1
   5              		.eabi_attribute 21, 1
   6              		.eabi_attribute 23, 3
   7              		.eabi_attribute 24, 1
   8              		.eabi_attribute 25, 1
   9              		.eabi_attribute 26, 1
  10              		.eabi_attribute 30, 1
  11              		.eabi_attribute 34, 1
  12              		.eabi_attribute 18, 4
  13              		.file	"gpio.c"
  14              		.text
  15              	.Ltext0:
  16              		.cfi_sections	.debug_frame
  17              		.section	.text.MX_GPIO_Init,"ax",%progbits
  18              		.align	1
  19              		.global	MX_GPIO_Init
  20              		.arch armv7e-m
  21              		.syntax unified
  22              		.thumb
  23              		.thumb_func
  24              		.fpu fpv4-sp-d16
  26              	MX_GPIO_Init:
  27              	.LFB130:
  28              		.file 1 "Core/Src/gpio.c"
   1:Core/Src/gpio.c **** /* USER CODE BEGIN Header */
   2:Core/Src/gpio.c **** /**
   3:Core/Src/gpio.c ****   ******************************************************************************
   4:Core/Src/gpio.c ****   * @file    gpio.c
   5:Core/Src/gpio.c ****   * @brief   This file provides code for the configuration
   6:Core/Src/gpio.c ****   *          of all used GPIO pins.
   7:Core/Src/gpio.c ****   ******************************************************************************
   8:Core/Src/gpio.c ****   * @attention
   9:Core/Src/gpio.c ****   *
  10:Core/Src/gpio.c ****   * Copyright (c) 2023 STMicroelectronics.
  11:Core/Src/gpio.c ****   * All rights reserved.
  12:Core/Src/gpio.c ****   *
  13:Core/Src/gpio.c ****   * This software is licensed under terms that can be found in the LICENSE file
  14:Core/Src/gpio.c ****   * in the root directory of this software component.
  15:Core/Src/gpio.c ****   * If no LICENSE file comes with this software, it is provided AS-IS.
  16:Core/Src/gpio.c ****   *
  17:Core/Src/gpio.c ****   ******************************************************************************
  18:Core/Src/gpio.c ****   */
  19:Core/Src/gpio.c **** /* USER CODE END Header */
  20:Core/Src/gpio.c **** 
  21:Core/Src/gpio.c **** /* Includes ------------------------------------------------------------------*/
  22:Core/Src/gpio.c **** #include "gpio.h"
  23:Core/Src/gpio.c **** 
  24:Core/Src/gpio.c **** /* USER CODE BEGIN 0 */
  25:Core/Src/gpio.c **** 
  26:Core/Src/gpio.c **** /* USER CODE END 0 */
  27:Core/Src/gpio.c **** 
  28:Core/Src/gpio.c **** /*----------------------------------------------------------------------------*/
  29:Core/Src/gpio.c **** /* Configure GPIO                                                             */
  30:Core/Src/gpio.c **** /*----------------------------------------------------------------------------*/
ARM GAS  /tmp/cczo6E9W.s 			page 2


  31:Core/Src/gpio.c **** /* USER CODE BEGIN 1 */
  32:Core/Src/gpio.c **** 
  33:Core/Src/gpio.c **** /* USER CODE END 1 */
  34:Core/Src/gpio.c **** 
  35:Core/Src/gpio.c **** /** Configure pins as
  36:Core/Src/gpio.c ****         * Analog
  37:Core/Src/gpio.c ****         * Input
  38:Core/Src/gpio.c ****         * Output
  39:Core/Src/gpio.c ****         * EVENT_OUT
  40:Core/Src/gpio.c ****         * EXTI
  41:Core/Src/gpio.c **** */
  42:Core/Src/gpio.c **** void MX_GPIO_Init(void)
  43:Core/Src/gpio.c **** {
  29              		.loc 1 43 1 view -0
  30              		.cfi_startproc
  31              		@ args = 0, pretend = 0, frame = 32
  32              		@ frame_needed = 0, uses_anonymous_args = 0
  33 0000 30B5     		push	{r4, r5, lr}
  34              	.LCFI0:
  35              		.cfi_def_cfa_offset 12
  36              		.cfi_offset 4, -12
  37              		.cfi_offset 5, -8
  38              		.cfi_offset 14, -4
  39 0002 89B0     		sub	sp, sp, #36
  40              	.LCFI1:
  41              		.cfi_def_cfa_offset 48
  44:Core/Src/gpio.c **** 
  45:Core/Src/gpio.c ****   GPIO_InitTypeDef GPIO_InitStruct = {0};
  42              		.loc 1 45 3 view .LVU1
  43              		.loc 1 45 20 is_stmt 0 view .LVU2
  44 0004 0024     		movs	r4, #0
  45 0006 0394     		str	r4, [sp, #12]
  46 0008 0494     		str	r4, [sp, #16]
  47 000a 0594     		str	r4, [sp, #20]
  48 000c 0694     		str	r4, [sp, #24]
  49 000e 0794     		str	r4, [sp, #28]
  46:Core/Src/gpio.c **** 
  47:Core/Src/gpio.c ****   /* GPIO Ports Clock Enable */
  48:Core/Src/gpio.c ****   __HAL_RCC_GPIOH_CLK_ENABLE();
  50              		.loc 1 48 3 is_stmt 1 view .LVU3
  51              	.LBB2:
  52              		.loc 1 48 3 view .LVU4
  53 0010 0194     		str	r4, [sp, #4]
  54              		.loc 1 48 3 view .LVU5
  55 0012 144B     		ldr	r3, .L3
  56 0014 1A6B     		ldr	r2, [r3, #48]
  57 0016 42F08002 		orr	r2, r2, #128
  58 001a 1A63     		str	r2, [r3, #48]
  59              		.loc 1 48 3 view .LVU6
  60 001c 1A6B     		ldr	r2, [r3, #48]
  61 001e 02F08002 		and	r2, r2, #128
  62 0022 0192     		str	r2, [sp, #4]
  63              		.loc 1 48 3 view .LVU7
  64 0024 019A     		ldr	r2, [sp, #4]
  65              	.LBE2:
  66              		.loc 1 48 3 view .LVU8
  49:Core/Src/gpio.c ****   __HAL_RCC_GPIOD_CLK_ENABLE();
ARM GAS  /tmp/cczo6E9W.s 			page 3


  67              		.loc 1 49 3 view .LVU9
  68              	.LBB3:
  69              		.loc 1 49 3 view .LVU10
  70 0026 0294     		str	r4, [sp, #8]
  71              		.loc 1 49 3 view .LVU11
  72 0028 1A6B     		ldr	r2, [r3, #48]
  73 002a 42F00802 		orr	r2, r2, #8
  74 002e 1A63     		str	r2, [r3, #48]
  75              		.loc 1 49 3 view .LVU12
  76 0030 1B6B     		ldr	r3, [r3, #48]
  77 0032 03F00803 		and	r3, r3, #8
  78 0036 0293     		str	r3, [sp, #8]
  79              		.loc 1 49 3 view .LVU13
  80 0038 029B     		ldr	r3, [sp, #8]
  81              	.LBE3:
  82              		.loc 1 49 3 view .LVU14
  50:Core/Src/gpio.c **** 
  51:Core/Src/gpio.c ****   /*Configure GPIO pin Output Level */
  52:Core/Src/gpio.c ****   HAL_GPIO_WritePin(GPIOD, GPIO_PIN_12|GPIO_PIN_13|GPIO_PIN_14|GPIO_PIN_15, GPIO_PIN_RESET);
  83              		.loc 1 52 3 view .LVU15
  84 003a 0B4D     		ldr	r5, .L3+4
  85 003c 2246     		mov	r2, r4
  86 003e 4FF47041 		mov	r1, #61440
  87 0042 2846     		mov	r0, r5
  88 0044 FFF7FEFF 		bl	HAL_GPIO_WritePin
  89              	.LVL0:
  53:Core/Src/gpio.c **** 
  54:Core/Src/gpio.c ****   /*Configure GPIO pins : PD12 PD13 PD14 PD15 */
  55:Core/Src/gpio.c ****   GPIO_InitStruct.Pin = GPIO_PIN_12|GPIO_PIN_13|GPIO_PIN_14|GPIO_PIN_15;
  90              		.loc 1 55 3 view .LVU16
  91              		.loc 1 55 23 is_stmt 0 view .LVU17
  92 0048 4FF47043 		mov	r3, #61440
  93 004c 0393     		str	r3, [sp, #12]
  56:Core/Src/gpio.c ****   GPIO_InitStruct.Mode = GPIO_MODE_OUTPUT_PP;
  94              		.loc 1 56 3 is_stmt 1 view .LVU18
  95              		.loc 1 56 24 is_stmt 0 view .LVU19
  96 004e 0123     		movs	r3, #1
  97 0050 0493     		str	r3, [sp, #16]
  57:Core/Src/gpio.c ****   GPIO_InitStruct.Pull = GPIO_NOPULL;
  98              		.loc 1 57 3 is_stmt 1 view .LVU20
  99              		.loc 1 57 24 is_stmt 0 view .LVU21
 100 0052 0594     		str	r4, [sp, #20]
  58:Core/Src/gpio.c ****   GPIO_InitStruct.Speed = GPIO_SPEED_FREQ_VERY_HIGH;
 101              		.loc 1 58 3 is_stmt 1 view .LVU22
 102              		.loc 1 58 25 is_stmt 0 view .LVU23
 103 0054 0323     		movs	r3, #3
 104 0056 0693     		str	r3, [sp, #24]
  59:Core/Src/gpio.c ****   HAL_GPIO_Init(GPIOD, &GPIO_InitStruct);
 105              		.loc 1 59 3 is_stmt 1 view .LVU24
 106 0058 03A9     		add	r1, sp, #12
 107 005a 2846     		mov	r0, r5
 108 005c FFF7FEFF 		bl	HAL_GPIO_Init
 109              	.LVL1:
  60:Core/Src/gpio.c **** 
  61:Core/Src/gpio.c **** }
 110              		.loc 1 61 1 is_stmt 0 view .LVU25
 111 0060 09B0     		add	sp, sp, #36
ARM GAS  /tmp/cczo6E9W.s 			page 4


 112              	.LCFI2:
 113              		.cfi_def_cfa_offset 12
 114              		@ sp needed
 115 0062 30BD     		pop	{r4, r5, pc}
 116              	.L4:
 117              		.align	2
 118              	.L3:
 119 0064 00380240 		.word	1073887232
 120 0068 000C0240 		.word	1073875968
 121              		.cfi_endproc
 122              	.LFE130:
 124              		.section	.text.gpio_led_state,"ax",%progbits
 125              		.align	1
 126              		.global	gpio_led_state
 127              		.syntax unified
 128              		.thumb
 129              		.thumb_func
 130              		.fpu fpv4-sp-d16
 132              	gpio_led_state:
 133              	.LVL2:
 134              	.LFB131:
  62:Core/Src/gpio.c **** 
  63:Core/Src/gpio.c **** /* USER CODE BEGIN 2 */
  64:Core/Src/gpio.c **** 
  65:Core/Src/gpio.c **** void gpio_led_state(uint8_t LED_ID, uint8_t state)
  66:Core/Src/gpio.c **** {
 135              		.loc 1 66 1 is_stmt 1 view -0
 136              		.cfi_startproc
 137              		@ args = 0, pretend = 0, frame = 0
 138              		@ frame_needed = 0, uses_anonymous_args = 0
 139              		.loc 1 66 1 is_stmt 0 view .LVU27
 140 0000 08B5     		push	{r3, lr}
 141              	.LCFI3:
 142              		.cfi_def_cfa_offset 8
 143              		.cfi_offset 3, -8
 144              		.cfi_offset 14, -4
  67:Core/Src/gpio.c ****   GPIO_PinState pinState;
 145              		.loc 1 67 3 is_stmt 1 view .LVU28
  68:Core/Src/gpio.c ****   pinState = (state == 1) ? GPIO_PIN_SET : GPIO_PIN_RESET;
 146              		.loc 1 68 3 view .LVU29
 147              		.loc 1 68 42 is_stmt 0 view .LVU30
 148 0002 0129     		cmp	r1, #1
 149 0004 14BF     		ite	ne
 150 0006 0022     		movne	r2, #0
 151 0008 0122     		moveq	r2, #1
 152              	.LVL3:
  69:Core/Src/gpio.c **** 
  70:Core/Src/gpio.c ****   switch( LED_ID )
 153              		.loc 1 70 3 is_stmt 1 view .LVU31
 154 000a 0138     		subs	r0, r0, #1
 155              	.LVL4:
 156              		.loc 1 70 3 is_stmt 0 view .LVU32
 157 000c 0328     		cmp	r0, #3
 158 000e 08D8     		bhi	.L5
 159 0010 DFE800F0 		tbb	[pc, r0]
 160              	.L8:
 161 0014 02       		.byte	(.L11-.L8)/2
ARM GAS  /tmp/cczo6E9W.s 			page 5


 162 0015 08       		.byte	(.L10-.L8)/2
 163 0016 0E       		.byte	(.L9-.L8)/2
 164 0017 14       		.byte	(.L7-.L8)/2
 165              		.p2align 1
 166              	.L11:
  71:Core/Src/gpio.c ****   {
  72:Core/Src/gpio.c ****     case LED3_ORANGE_ID:
  73:Core/Src/gpio.c ****       HAL_GPIO_WritePin( GPIOD , LED3_ORANGE_PinNumber , pinState );
 167              		.loc 1 73 7 is_stmt 1 view .LVU33
 168 0018 4FF40051 		mov	r1, #8192
 169              	.LVL5:
 170              		.loc 1 73 7 is_stmt 0 view .LVU34
 171 001c 0A48     		ldr	r0, .L13
 172 001e FFF7FEFF 		bl	HAL_GPIO_WritePin
 173              	.LVL6:
  74:Core/Src/gpio.c ****     break;
 174              		.loc 1 74 5 is_stmt 1 view .LVU35
 175              	.L5:
  75:Core/Src/gpio.c **** 
  76:Core/Src/gpio.c ****     case LED4_GREEN_ID:
  77:Core/Src/gpio.c ****       HAL_GPIO_WritePin( GPIOD , LED4_GREEN_PinNumber , pinState );
  78:Core/Src/gpio.c ****     break;
  79:Core/Src/gpio.c ****     
  80:Core/Src/gpio.c ****     case LED5_RED_ID:
  81:Core/Src/gpio.c ****       HAL_GPIO_WritePin( GPIOD , LED5_RED_PinNumber , pinState );
  82:Core/Src/gpio.c ****     break;
  83:Core/Src/gpio.c **** 
  84:Core/Src/gpio.c ****     case LED6_BLUE_ID:
  85:Core/Src/gpio.c ****       HAL_GPIO_WritePin( GPIOD , LED6_BLUE_PinNumber , pinState );
  86:Core/Src/gpio.c ****     break;
  87:Core/Src/gpio.c ****   }
  88:Core/Src/gpio.c **** }
 176              		.loc 1 88 1 is_stmt 0 view .LVU36
 177 0022 08BD     		pop	{r3, pc}
 178              	.LVL7:
 179              	.L10:
  77:Core/Src/gpio.c ****     break;
 180              		.loc 1 77 7 is_stmt 1 view .LVU37
 181 0024 4FF48051 		mov	r1, #4096
 182              	.LVL8:
  77:Core/Src/gpio.c ****     break;
 183              		.loc 1 77 7 is_stmt 0 view .LVU38
 184 0028 0748     		ldr	r0, .L13
 185 002a FFF7FEFF 		bl	HAL_GPIO_WritePin
 186              	.LVL9:
  78:Core/Src/gpio.c ****     
 187              		.loc 1 78 5 is_stmt 1 view .LVU39
 188 002e F8E7     		b	.L5
 189              	.LVL10:
 190              	.L9:
  81:Core/Src/gpio.c ****     break;
 191              		.loc 1 81 7 view .LVU40
 192 0030 4FF48041 		mov	r1, #16384
 193              	.LVL11:
  81:Core/Src/gpio.c ****     break;
 194              		.loc 1 81 7 is_stmt 0 view .LVU41
 195 0034 0448     		ldr	r0, .L13
ARM GAS  /tmp/cczo6E9W.s 			page 6


 196 0036 FFF7FEFF 		bl	HAL_GPIO_WritePin
 197              	.LVL12:
  82:Core/Src/gpio.c **** 
 198              		.loc 1 82 5 is_stmt 1 view .LVU42
 199 003a F2E7     		b	.L5
 200              	.LVL13:
 201              	.L7:
  85:Core/Src/gpio.c ****     break;
 202              		.loc 1 85 7 view .LVU43
 203 003c 4FF40041 		mov	r1, #32768
 204              	.LVL14:
  85:Core/Src/gpio.c ****     break;
 205              		.loc 1 85 7 is_stmt 0 view .LVU44
 206 0040 0148     		ldr	r0, .L13
 207 0042 FFF7FEFF 		bl	HAL_GPIO_WritePin
 208              	.LVL15:
  86:Core/Src/gpio.c ****   }
 209              		.loc 1 86 5 is_stmt 1 view .LVU45
 210              		.loc 1 88 1 is_stmt 0 view .LVU46
 211 0046 ECE7     		b	.L5
 212              	.L14:
 213              		.align	2
 214              	.L13:
 215 0048 000C0240 		.word	1073875968
 216              		.cfi_endproc
 217              	.LFE131:
 219              		.text
 220              	.Letext0:
 221              		.file 2 "/usr/lib/gcc/arm-none-eabi/10.3.1/include/stdint.h"
 222              		.file 3 "Drivers/CMSIS/Device/ST/STM32F4xx/Include/stm32f407xx.h"
 223              		.file 4 "Drivers/STM32F4xx_HAL_Driver/Inc/stm32f4xx_hal_gpio.h"
ARM GAS  /tmp/cczo6E9W.s 			page 7


DEFINED SYMBOLS
                            *ABS*:0000000000000000 gpio.c
     /tmp/cczo6E9W.s:18     .text.MX_GPIO_Init:0000000000000000 $t
     /tmp/cczo6E9W.s:26     .text.MX_GPIO_Init:0000000000000000 MX_GPIO_Init
     /tmp/cczo6E9W.s:119    .text.MX_GPIO_Init:0000000000000064 $d
     /tmp/cczo6E9W.s:125    .text.gpio_led_state:0000000000000000 $t
     /tmp/cczo6E9W.s:132    .text.gpio_led_state:0000000000000000 gpio_led_state
     /tmp/cczo6E9W.s:161    .text.gpio_led_state:0000000000000014 $d
     /tmp/cczo6E9W.s:165    .text.gpio_led_state:0000000000000018 $t
     /tmp/cczo6E9W.s:215    .text.gpio_led_state:0000000000000048 $d

UNDEFINED SYMBOLS
HAL_GPIO_WritePin
HAL_GPIO_Init
